=====2024-07-04 10:13:28,660 - inter_case.py:41 - 用户名非空验证接口测试通过
=====2024-07-04 10:13:28,737 - inter_case.py:47 - 密码非空验证接口测试失败---响应信息:{"code":500,"msg":"没有此权限，请联系超管！","count":0,"data":null}
=====2024-07-04 10:13:28,798 - inter_case.py:47 - 用户名正确性验证接口测试失败---响应信息:{"code":500,"msg":"没有此权限，请联系超管！","count":0,"data":null}
=====2024-07-04 10:13:28,851 - inter_case.py:47 - 用户名非空验证接口测试失败---响应信息:{"code":500,"msg":"没有此权限，请联系超管！","count":0,"data":null}
=====2024-07-04 10:13:28,909 - inter_case.py:41 - 用户名非空验证接口测试通过
=====2024-07-04 10:52:11,814 - inter_case.py:51 - 用户名非空验证接口测试通过
=====2024-07-04 10:52:11,881 - inter_case.py:57 - 密码非空验证接口测试失败---响应信息:{"code":500,"msg":"没有此权限，请联系超管！","count":0,"data":null}
=====2024-07-04 10:52:11,936 - inter_case.py:57 - 用户名正确性验证接口测试失败---响应信息:{"code":500,"msg":"没有此权限，请联系超管！","count":0,"data":null}
=====2024-07-04 10:52:11,989 - inter_case.py:57 - 用户名非空验证接口测试失败---响应信息:{"code":500,"msg":"没有此权限，请联系超管！","count":0,"data":null}
=====2024-07-04 10:52:12,045 - inter_case.py:51 - 用户名非空验证接口测试通过
=====2024-07-04 10:53:07,351 - inter_case.py:51 - 用户名非空验证接口测试通过
=====2024-07-04 10:53:07,423 - inter_case.py:57 - 密码非空验证接口测试失败---响应信息:{"code":500,"msg":"没有此权限，请联系超管！","count":0,"data":null}
=====2024-07-04 10:53:07,486 - inter_case.py:57 - 用户名正确性验证接口测试失败---响应信息:{"code":500,"msg":"没有此权限，请联系超管！","count":0,"data":null}
=====2024-07-04 10:53:07,547 - inter_case.py:57 - 用户名非空验证接口测试失败---响应信息:{"code":500,"msg":"没有此权限，请联系超管！","count":0,"data":null}
=====2024-07-04 10:53:07,632 - inter_case.py:51 - 用户名非空验证接口测试通过
=====2024-07-04 10:53:38,291 - inter_case.py:51 - 用户名非空验证接口测试通过
=====2024-07-04 10:53:38,350 - inter_case.py:57 - 密码非空验证接口测试失败---响应信息:{"code":500,"msg":"没有此权限，请联系超管！","count":0,"data":null}
=====2024-07-04 10:53:38,495 - inter_case.py:57 - 用户名正确性验证接口测试失败---响应信息:{"code":500,"msg":"没有此权限，请联系超管！","count":0,"data":null}
=====2024-07-04 10:53:38,553 - inter_case.py:57 - 用户名非空验证接口测试失败---响应信息:{"code":500,"msg":"没有此权限，请联系超管！","count":0,"data":null}
=====2024-07-04 10:53:38,639 - inter_case.py:51 - 用户名非空验证接口测试通过
=====2024-07-04 10:54:28,115 - inter_case.py:51 - 用户名非空验证接口测试通过
=====2024-07-04 10:54:28,183 - inter_case.py:57 - 密码非空验证接口测试失败---响应信息:{"code":500,"msg":"没有此权限，请联系超管！","count":0,"data":null}
=====2024-07-04 10:54:28,255 - inter_case.py:57 - 用户名正确性验证接口测试失败---响应信息:{"code":500,"msg":"没有此权限，请联系超管！","count":0,"data":null}
=====2024-07-04 10:54:28,316 - inter_case.py:57 - 用户名非空验证接口测试失败---响应信息:{"code":500,"msg":"没有此权限，请联系超管！","count":0,"data":null}
=====2024-07-04 10:54:28,392 - inter_case.py:51 - 用户名非空验证接口测试通过
=====2024-07-04 10:55:26,175 - inter_case.py:51 - 用户名非空验证接口测试通过
=====2024-07-04 10:55:26,236 - inter_case.py:57 - 密码非空验证接口测试失败---响应信息:{"code":500,"msg":"没有此权限，请联系超管！","count":0,"data":null}
=====2024-07-04 10:55:26,302 - inter_case.py:57 - 用户名正确性验证接口测试失败---响应信息:{"code":500,"msg":"没有此权限，请联系超管！","count":0,"data":null}
=====2024-07-04 10:55:26,365 - inter_case.py:57 - 用户名非空验证接口测试失败---响应信息:{"code":500,"msg":"没有此权限，请联系超管！","count":0,"data":null}
=====2024-07-04 10:55:26,438 - inter_case.py:51 - 用户名非空验证接口测试通过
=====2024-07-04 10:56:00,867 - inter_case.py:51 - 用户名非空验证接口测试通过
=====2024-07-04 10:56:00,941 - inter_case.py:57 - 密码非空验证接口测试失败---响应信息:{"code":500,"msg":"没有此权限，请联系超管！","count":0,"data":null}
=====2024-07-04 10:56:01,001 - inter_case.py:57 - 用户名正确性验证接口测试失败---响应信息:{"code":500,"msg":"没有此权限，请联系超管！","count":0,"data":null}
=====2024-07-04 10:56:01,058 - inter_case.py:57 - 用户名非空验证接口测试失败---响应信息:{"code":500,"msg":"没有此权限，请联系超管！","count":0,"data":null}
=====2024-07-04 10:56:01,145 - inter_case.py:51 - 用户名非空验证接口测试通过
=====2024-07-04 10:56:22,346 - inter_case.py:51 - 用户名非空验证接口测试通过
=====2024-07-04 10:56:22,406 - inter_case.py:57 - 密码非空验证接口测试失败---响应信息:{"code":500,"msg":"没有此权限，请联系超管！","count":0,"data":null}
=====2024-07-04 10:56:22,460 - inter_case.py:57 - 用户名正确性验证接口测试失败---响应信息:{"code":500,"msg":"没有此权限，请联系超管！","count":0,"data":null}
=====2024-07-04 10:56:22,532 - inter_case.py:57 - 用户名非空验证接口测试失败---响应信息:{"code":500,"msg":"没有此权限，请联系超管！","count":0,"data":null}
=====2024-07-04 10:56:22,611 - inter_case.py:51 - 用户名非空验证接口测试通过
=====2024-07-04 10:56:38,043 - inter_case.py:51 - 用户名非空验证接口测试通过
=====2024-07-04 10:56:38,104 - inter_case.py:57 - 密码非空验证接口测试失败---响应信息:{"code":500,"msg":"没有此权限，请联系超管！","count":0,"data":null}
=====2024-07-04 10:56:38,167 - inter_case.py:57 - 用户名正确性验证接口测试失败---响应信息:{"code":500,"msg":"没有此权限，请联系超管！","count":0,"data":null}
=====2024-07-04 10:56:38,232 - inter_case.py:57 - 用户名非空验证接口测试失败---响应信息:{"code":500,"msg":"没有此权限，请联系超管！","count":0,"data":null}
=====2024-07-04 10:56:38,313 - inter_case.py:51 - 用户名非空验证接口测试通过
=====2024-07-04 10:58:20,841 - inter_case.py:51 - 用户名非空验证接口测试通过
=====2024-07-04 10:58:20,912 - inter_case.py:57 - 密码非空验证接口测试失败---响应信息:{"code":500,"msg":"没有此权限，请联系超管！","count":0,"data":null}
=====2024-07-04 10:58:20,982 - inter_case.py:57 - 用户名正确性验证接口测试失败---响应信息:{"code":500,"msg":"没有此权限，请联系超管！","count":0,"data":null}
=====2024-07-04 10:58:21,034 - inter_case.py:57 - 用户名非空验证接口测试失败---响应信息:{"code":500,"msg":"没有此权限，请联系超管！","count":0,"data":null}
=====2024-07-04 10:58:21,121 - inter_case.py:51 - 用户名非空验证接口测试通过
=====2024-07-04 11:10:41,182 - inter_case.py:49 - 用户名非空验证接口测试通过
=====2024-07-04 11:10:41,250 - inter_case.py:55 - 密码非空验证接口测试失败---响应信息:{"code":500,"msg":"没有此权限，请联系超管！","count":0,"data":null}
=====2024-07-04 11:10:41,308 - inter_case.py:55 - 用户名正确性验证接口测试失败---响应信息:{"code":500,"msg":"没有此权限，请联系超管！","count":0,"data":null}
=====2024-07-04 11:10:41,377 - inter_case.py:55 - 用户名非空验证接口测试失败---响应信息:{"code":500,"msg":"没有此权限，请联系超管！","count":0,"data":null}
=====2024-07-04 11:10:41,450 - inter_case.py:49 - 用户名非空验证接口测试通过
=====2024-07-04 11:11:18,689 - inter_case.py:49 - 用户名非空验证接口测试通过
=====2024-07-04 11:11:18,758 - inter_case.py:55 - 密码非空验证接口测试失败---响应信息:{"code":500,"msg":"没有此权限，请联系超管！","count":0,"data":null}
=====2024-07-04 11:11:18,827 - inter_case.py:55 - 用户名正确性验证接口测试失败---响应信息:{"code":500,"msg":"没有此权限，请联系超管！","count":0,"data":null}
=====2024-07-04 11:11:18,899 - inter_case.py:55 - 用户名非空验证接口测试失败---响应信息:{"code":500,"msg":"没有此权限，请联系超管！","count":0,"data":null}
=====2024-07-04 11:11:18,975 - inter_case.py:49 - 用户名非空验证接口测试通过
=====2024-07-04 14:06:28,529 - inter_case.py:39 - 用户名非空验证接口测试通过
=====2024-07-04 14:06:28,722 - inter_case.py:45 - 密码非空验证接口测试失败---响应信息:{"code":500,"msg":"没有此权限，请联系超管！","count":0,"data":null}
=====2024-07-04 14:06:28,822 - inter_case.py:45 - 用户名正确性验证接口测试失败---响应信息:{"code":500,"msg":"没有此权限，请联系超管！","count":0,"data":null}
=====2024-07-04 14:06:28,891 - inter_case.py:45 - 用户名非空验证接口测试失败---响应信息:{"code":500,"msg":"没有此权限，请联系超管！","count":0,"data":null}
=====2024-07-04 14:06:28,985 - inter_case.py:39 - 用户名非空验证接口测试通过
=====2024-07-04 14:08:08,782 - inter_case.py:39 - 用户名非空验证接口测试通过
=====2024-07-04 14:08:08,862 - inter_case.py:45 - 密码非空验证接口测试失败---响应信息:{"code":500,"msg":"没有此权限，请联系超管！","count":0,"data":null}
=====2024-07-04 14:08:08,942 - inter_case.py:45 - 用户名正确性验证接口测试失败---响应信息:{"code":500,"msg":"没有此权限，请联系超管！","count":0,"data":null}
=====2024-07-04 14:08:09,028 - inter_case.py:45 - 用户名非空验证接口测试失败---响应信息:{"code":500,"msg":"没有此权限，请联系超管！","count":0,"data":null}
=====2024-07-04 14:08:09,165 - inter_case.py:39 - 用户名非空验证接口测试通过
=====2024-07-04 14:11:33,043 - inter_case.py:39 - 用户名非空验证接口测试通过
=====2024-07-04 14:11:33,109 - inter_case.py:45 - 密码非空验证接口测试失败---响应信息:{"code":500,"msg":"没有此权限，请联系超管！","count":0,"data":null}
=====2024-07-04 14:11:33,174 - inter_case.py:45 - 用户名正确性验证接口测试失败---响应信息:{"code":500,"msg":"没有此权限，请联系超管！","count":0,"data":null}
=====2024-07-04 14:11:33,249 - inter_case.py:45 - 用户名非空验证接口测试失败---响应信息:{"code":500,"msg":"没有此权限，请联系超管！","count":0,"data":null}
=====2024-07-04 14:11:33,330 - inter_case.py:39 - 用户名非空验证接口测试通过
=====2024-07-04 14:12:50,331 - inter_case.py:39 - 用户名非空验证接口测试通过
=====2024-07-04 14:12:50,411 - inter_case.py:45 - 密码非空验证接口测试失败---响应信息:{"code":500,"msg":"没有此权限，请联系超管！","count":0,"data":null}
=====2024-07-04 14:12:50,499 - inter_case.py:45 - 用户名正确性验证接口测试失败---响应信息:{"code":500,"msg":"没有此权限，请联系超管！","count":0,"data":null}
=====2024-07-04 14:12:50,573 - inter_case.py:45 - 用户名非空验证接口测试失败---响应信息:{"code":500,"msg":"没有此权限，请联系超管！","count":0,"data":null}
=====2024-07-04 14:12:50,653 - inter_case.py:39 - 用户名非空验证接口测试通过
=====2024-07-04 14:14:10,906 - inter_case.py:40 - 用户名非空验证接口测试通过
=====2024-07-04 14:14:10,975 - inter_case.py:46 - 密码非空验证接口测试失败---响应信息:{"code":500,"msg":"没有此权限，请联系超管！","count":0,"data":null}
=====2024-07-04 14:14:11,066 - inter_case.py:46 - 用户名正确性验证接口测试失败---响应信息:{"code":500,"msg":"没有此权限，请联系超管！","count":0,"data":null}
=====2024-07-04 14:14:11,129 - inter_case.py:46 - 用户名非空验证接口测试失败---响应信息:{"code":500,"msg":"没有此权限，请联系超管！","count":0,"data":null}
=====2024-07-04 14:14:11,194 - inter_case.py:40 - 用户名非空验证接口测试通过
=====2024-07-04 14:14:24,159 - inter_case.py:40 - 用户名非空验证接口测试通过
=====2024-07-04 14:14:24,233 - inter_case.py:46 - 密码非空验证接口测试失败---响应信息:{"code":500,"msg":"没有此权限，请联系超管！","count":0,"data":null}
=====2024-07-04 14:14:24,297 - inter_case.py:46 - 用户名正确性验证接口测试失败---响应信息:{"code":500,"msg":"没有此权限，请联系超管！","count":0,"data":null}
=====2024-07-04 14:14:24,353 - inter_case.py:46 - 用户名非空验证接口测试失败---响应信息:{"code":500,"msg":"没有此权限，请联系超管！","count":0,"data":null}
=====2024-07-04 14:14:24,427 - inter_case.py:40 - 用户名非空验证接口测试通过
=====2024-07-04 14:15:38,187 - inter_case.py:40 - 用户名非空验证接口测试通过
=====2024-07-04 14:15:38,255 - inter_case.py:46 - 密码非空验证接口测试失败---响应信息:{"code":500,"msg":"没有此权限，请联系超管！","count":0,"data":null}
=====2024-07-04 14:15:38,327 - inter_case.py:46 - 用户名正确性验证接口测试失败---响应信息:{"code":500,"msg":"没有此权限，请联系超管！","count":0,"data":null}
=====2024-07-04 14:15:38,378 - inter_case.py:46 - 用户名非空验证接口测试失败---响应信息:{"code":500,"msg":"没有此权限，请联系超管！","count":0,"data":null}
=====2024-07-04 14:15:38,435 - inter_case.py:40 - 用户名非空验证接口测试通过
=====2024-07-04 14:17:01,726 - inter_case.py:40 - 用户名非空验证接口测试通过
=====2024-07-04 14:17:01,791 - inter_case.py:46 - 密码非空验证接口测试失败---响应信息:{"code":500,"msg":"没有此权限，请联系超管！","count":0,"data":null}
=====2024-07-04 14:17:01,858 - inter_case.py:46 - 用户名正确性验证接口测试失败---响应信息:{"code":500,"msg":"没有此权限，请联系超管！","count":0,"data":null}
=====2024-07-04 14:17:01,937 - inter_case.py:46 - 用户名非空验证接口测试失败---响应信息:{"code":500,"msg":"没有此权限，请联系超管！","count":0,"data":null}
=====2024-07-04 14:17:02,021 - inter_case.py:40 - 用户名非空验证接口测试通过
=====2024-07-04 14:19:30,569 - inter_case.py:40 - 用户名非空验证接口测试通过
=====2024-07-04 14:19:31,637 - inter_case.py:46 - 密码非空验证接口测试失败---响应信息:{"code":500,"msg":"没有此权限，请联系超管！","count":0,"data":null}
=====2024-07-04 14:19:31,701 - inter_case.py:46 - 用户名正确性验证接口测试失败---响应信息:{"code":500,"msg":"没有此权限，请联系超管！","count":0,"data":null}
=====2024-07-04 14:19:31,751 - inter_case.py:46 - 用户名非空验证接口测试失败---响应信息:{"code":500,"msg":"没有此权限，请联系超管！","count":0,"data":null}
=====2024-07-04 14:19:31,832 - inter_case.py:40 - 用户名非空验证接口测试通过
=====2024-07-04 14:20:24,398 - inter_case.py:41 - 用户名非空验证接口测试通过
=====2024-07-04 14:20:24,449 - inter_case.py:47 - 密码非空验证接口测试失败---响应信息:{"code":500,"msg":"没有此权限，请联系超管！","count":0,"data":null}
=====2024-07-04 14:20:24,526 - inter_case.py:47 - 用户名正确性验证接口测试失败---响应信息:{"code":500,"msg":"没有此权限，请联系超管！","count":0,"data":null}
=====2024-07-04 14:20:24,586 - inter_case.py:47 - 用户名非空验证接口测试失败---响应信息:{"code":500,"msg":"没有此权限，请联系超管！","count":0,"data":null}
=====2024-07-04 14:20:24,673 - inter_case.py:41 - 用户名非空验证接口测试通过
=====2024-07-04 14:21:07,091 - inter_case.py:41 - 用户名非空验证接口测试通过
=====2024-07-04 14:21:07,164 - inter_case.py:47 - 密码非空验证接口测试失败---响应信息:{"code":500,"msg":"没有此权限，请联系超管！","count":0,"data":null}
=====2024-07-04 14:21:07,239 - inter_case.py:47 - 用户名正确性验证接口测试失败---响应信息:{"code":500,"msg":"没有此权限，请联系超管！","count":0,"data":null}
=====2024-07-04 14:21:07,292 - inter_case.py:47 - 用户名非空验证接口测试失败---响应信息:{"code":500,"msg":"没有此权限，请联系超管！","count":0,"data":null}
=====2024-07-04 14:21:07,388 - inter_case.py:41 - 用户名非空验证接口测试通过
=====2024-07-04 14:21:31,782 - inter_case.py:41 - 用户名非空验证接口测试通过
=====2024-07-04 14:21:31,854 - inter_case.py:47 - 密码非空验证接口测试失败---响应信息:{"code":500,"msg":"没有此权限，请联系超管！","count":0,"data":null}
=====2024-07-04 14:21:31,902 - inter_case.py:47 - 用户名正确性验证接口测试失败---响应信息:{"code":500,"msg":"没有此权限，请联系超管！","count":0,"data":null}
=====2024-07-04 14:21:31,965 - inter_case.py:47 - 用户名非空验证接口测试失败---响应信息:{"code":500,"msg":"没有此权限，请联系超管！","count":0,"data":null}
=====2024-07-04 14:21:32,054 - inter_case.py:41 - 用户名非空验证接口测试通过
=====2024-07-04 14:22:14,634 - inter_case.py:41 - 用户名非空验证接口测试通过
=====2024-07-04 14:22:14,694 - inter_case.py:47 - 密码非空验证接口测试失败---响应信息:{"code":500,"msg":"没有此权限，请联系超管！","count":0,"data":null}
=====2024-07-04 14:22:14,746 - inter_case.py:47 - 用户名正确性验证接口测试失败---响应信息:{"code":500,"msg":"没有此权限，请联系超管！","count":0,"data":null}
=====2024-07-04 14:22:14,805 - inter_case.py:47 - 用户名非空验证接口测试失败---响应信息:{"code":500,"msg":"没有此权限，请联系超管！","count":0,"data":null}
=====2024-07-04 14:22:14,901 - inter_case.py:41 - 用户名非空验证接口测试通过
=====2024-07-04 14:22:57,953 - inter_case.py:41 - 用户名非空验证接口测试通过
=====2024-07-04 14:22:58,060 - inter_case.py:47 - 密码非空验证接口测试失败---响应信息:{"code":500,"msg":"没有此权限，请联系超管！","count":0,"data":null}
=====2024-07-04 14:22:58,136 - inter_case.py:47 - 用户名正确性验证接口测试失败---响应信息:{"code":500,"msg":"没有此权限，请联系超管！","count":0,"data":null}
=====2024-07-04 14:22:58,187 - inter_case.py:47 - 用户名非空验证接口测试失败---响应信息:{"code":500,"msg":"没有此权限，请联系超管！","count":0,"data":null}
=====2024-07-04 14:22:58,281 - inter_case.py:41 - 用户名非空验证接口测试通过
=====2024-07-04 14:23:24,781 - inter_case.py:41 - 用户名非空验证接口测试通过
=====2024-07-04 14:23:24,854 - inter_case.py:47 - 密码非空验证接口测试失败---响应信息:{"code":500,"msg":"没有此权限，请联系超管！","count":0,"data":null}
=====2024-07-04 14:23:24,928 - inter_case.py:47 - 用户名正确性验证接口测试失败---响应信息:{"code":500,"msg":"没有此权限，请联系超管！","count":0,"data":null}
=====2024-07-04 14:23:24,985 - inter_case.py:47 - 用户名非空验证接口测试失败---响应信息:{"code":500,"msg":"没有此权限，请联系超管！","count":0,"data":null}
=====2024-07-04 14:23:25,053 - inter_case.py:41 - 用户名非空验证接口测试通过
=====2024-07-04 14:24:12,316 - inter_case.py:41 - 用户名非空验证接口测试通过
=====2024-07-04 14:24:12,398 - inter_case.py:47 - 密码非空验证接口测试失败---响应信息:{"code":500,"msg":"没有此权限，请联系超管！","count":0,"data":null}
=====2024-07-04 14:24:12,464 - inter_case.py:47 - 用户名正确性验证接口测试失败---响应信息:{"code":500,"msg":"没有此权限，请联系超管！","count":0,"data":null}
=====2024-07-04 14:24:12,542 - inter_case.py:47 - 用户名非空验证接口测试失败---响应信息:{"code":500,"msg":"没有此权限，请联系超管！","count":0,"data":null}
=====2024-07-04 14:24:12,651 - inter_case.py:41 - 用户名非空验证接口测试通过
=====2024-07-04 14:24:24,495 - inter_case.py:41 - 用户名非空验证接口测试通过
=====2024-07-04 14:24:24,569 - inter_case.py:47 - 密码非空验证接口测试失败---响应信息:{"code":500,"msg":"没有此权限，请联系超管！","count":0,"data":null}
=====2024-07-04 14:24:24,638 - inter_case.py:47 - 用户名正确性验证接口测试失败---响应信息:{"code":500,"msg":"没有此权限，请联系超管！","count":0,"data":null}
=====2024-07-04 14:24:24,700 - inter_case.py:47 - 用户名非空验证接口测试失败---响应信息:{"code":500,"msg":"没有此权限，请联系超管！","count":0,"data":null}
=====2024-07-04 14:24:24,790 - inter_case.py:41 - 用户名非空验证接口测试通过
=====2024-07-04 14:24:43,832 - inter_case.py:41 - 用户名非空验证接口测试通过
=====2024-07-04 14:24:43,876 - inter_case.py:47 - 密码非空验证接口测试失败---响应信息:{"code":500,"msg":"没有此权限，请联系超管！","count":0,"data":null}
=====2024-07-04 14:24:43,925 - inter_case.py:47 - 用户名正确性验证接口测试失败---响应信息:{"code":500,"msg":"没有此权限，请联系超管！","count":0,"data":null}
=====2024-07-04 14:24:43,983 - inter_case.py:47 - 用户名非空验证接口测试失败---响应信息:{"code":500,"msg":"没有此权限，请联系超管！","count":0,"data":null}
=====2024-07-04 14:24:44,053 - inter_case.py:41 - 用户名非空验证接口测试通过
=====2024-07-04 14:25:03,184 - inter_case.py:41 - 用户名非空验证接口测试通过
=====2024-07-04 14:25:03,252 - inter_case.py:47 - 密码非空验证接口测试失败---响应信息:{"code":500,"msg":"没有此权限，请联系超管！","count":0,"data":null}
=====2024-07-04 14:25:03,321 - inter_case.py:47 - 用户名正确性验证接口测试失败---响应信息:{"code":500,"msg":"没有此权限，请联系超管！","count":0,"data":null}
=====2024-07-04 14:25:03,400 - inter_case.py:47 - 用户名非空验证接口测试失败---响应信息:{"code":500,"msg":"没有此权限，请联系超管！","count":0,"data":null}
=====2024-07-04 14:25:03,500 - inter_case.py:41 - 用户名非空验证接口测试通过
=====2024-07-04 14:25:13,383 - inter_case.py:41 - 用户名非空验证接口测试通过
=====2024-07-04 14:25:13,480 - inter_case.py:47 - 密码非空验证接口测试失败---响应信息:{"code":500,"msg":"没有此权限，请联系超管！","count":0,"data":null}
=====2024-07-04 14:25:13,543 - inter_case.py:47 - 用户名正确性验证接口测试失败---响应信息:{"code":500,"msg":"没有此权限，请联系超管！","count":0,"data":null}
=====2024-07-04 14:25:13,618 - inter_case.py:47 - 用户名非空验证接口测试失败---响应信息:{"code":500,"msg":"没有此权限，请联系超管！","count":0,"data":null}
=====2024-07-04 14:25:13,695 - inter_case.py:41 - 用户名非空验证接口测试通过
=====2024-07-04 14:26:01,780 - inter_case.py:41 - 用户名非空验证接口测试通过
=====2024-07-04 14:26:01,847 - inter_case.py:47 - 密码非空验证接口测试失败---响应信息:{"code":500,"msg":"没有此权限，请联系超管！","count":0,"data":null}
=====2024-07-04 14:26:01,957 - inter_case.py:47 - 用户名正确性验证接口测试失败---响应信息:{"code":500,"msg":"没有此权限，请联系超管！","count":0,"data":null}
=====2024-07-04 14:26:02,032 - inter_case.py:47 - 用户名非空验证接口测试失败---响应信息:{"code":500,"msg":"没有此权限，请联系超管！","count":0,"data":null}
=====2024-07-04 14:26:02,116 - inter_case.py:41 - 用户名非空验证接口测试通过
=====2024-07-04 14:27:04,083 - inter_case.py:42 - 用户名非空验证接口测试通过
=====2024-07-04 14:27:04,154 - inter_case.py:48 - 密码非空验证接口测试失败---响应信息:{"code":500,"msg":"没有此权限，请联系超管！","count":0,"data":null}
=====2024-07-04 14:27:04,700 - inter_case.py:48 - 用户名正确性验证接口测试失败---响应信息:{"code":500,"msg":"没有此权限，请联系超管！","count":0,"data":null}
=====2024-07-04 14:27:04,782 - inter_case.py:48 - 用户名非空验证接口测试失败---响应信息:{"code":500,"msg":"没有此权限，请联系超管！","count":0,"data":null}
=====2024-07-04 14:27:04,858 - inter_case.py:42 - 用户名非空验证接口测试通过
=====2024-07-04 14:28:13,967 - inter_case.py:42 - 用户名非空验证接口测试通过
=====2024-07-04 14:28:14,032 - inter_case.py:48 - 密码非空验证接口测试失败---响应信息:{"code":500,"msg":"没有此权限，请联系超管！","count":0,"data":null}
=====2024-07-04 14:28:14,179 - inter_case.py:48 - 用户名正确性验证接口测试失败---响应信息:{"code":500,"msg":"没有此权限，请联系超管！","count":0,"data":null}
=====2024-07-04 14:28:14,274 - inter_case.py:48 - 用户名非空验证接口测试失败---响应信息:{"code":500,"msg":"没有此权限，请联系超管！","count":0,"data":null}
=====2024-07-04 14:28:14,378 - inter_case.py:42 - 用户名非空验证接口测试通过
=====2024-07-04 14:58:02,343 - inter_case.py:76 - 药品非空验证接口测试失败
=====2024-07-04 14:58:02,542 - inter_case.py:76 - 药品非空验证接口测试失败
=====2024-07-04 14:58:02,617 - inter_case.py:76 - 药品正确性验证接口测试失败
=====2024-07-04 14:58:52,423 - inter_case.py:76 - 药品非空验证接口测试失败
=====2024-07-04 14:58:52,492 - inter_case.py:76 - 药品非空验证接口测试失败
=====2024-07-04 14:58:52,542 - inter_case.py:76 - 药品正确性验证接口测试失败
=====2024-07-04 14:59:35,631 - inter_case.py:76 - 药品非空验证接口测试失败
=====2024-07-04 14:59:35,700 - inter_case.py:76 - 药品非空验证接口测试失败
=====2024-07-04 14:59:35,752 - inter_case.py:76 - 药品正确性验证接口测试失败
=====2024-07-04 15:00:41,680 - inter_case.py:42 - 用户名非空验证接口测试通过
=====2024-07-04 15:00:41,733 - inter_case.py:48 - 密码非空验证接口测试失败---响应信息:{"code":500,"msg":"没有此权限，请联系超管！","count":0,"data":null}
=====2024-07-04 15:00:41,824 - inter_case.py:48 - 用户名正确性验证接口测试失败---响应信息:{"code":500,"msg":"没有此权限，请联系超管！","count":0,"data":null}
=====2024-07-04 15:00:41,892 - inter_case.py:48 - 用户名非空验证接口测试失败---响应信息:{"code":500,"msg":"没有此权限，请联系超管！","count":0,"data":null}
=====2024-07-04 15:00:41,970 - inter_case.py:42 - 用户名非空验证接口测试通过
=====2024-07-04 15:00:42,027 - inter_case.py:76 - 药品非空验证接口测试失败
=====2024-07-04 15:00:42,097 - inter_case.py:76 - 药品非空验证接口测试失败
=====2024-07-04 15:00:42,164 - inter_case.py:76 - 药品正确性验证接口测试失败
